2025-05-25 15:01:33,048 - INFO - Loaded sample data
2025-05-25 15:01:34,158 - INFO - Filled missing values using mean imputation.
2025-05-25 15:01:34,159 - INFO - Handled outliers using IQR capping.
2025-05-25 15:01:34,159 - INFO - Applied MinMaxScaler, RobustScaler, and MaxAbsScaler.
2025-05-25 15:01:34,159 - INFO - Stored transformation parameters to transformation_params.json
2025-05-25 15:04:52,221 - INFO - Loaded sample data
2025-05-25 15:05:07,930 - INFO - Filled missing values using mean imputation.
2025-05-25 15:05:07,931 - INFO - Handled outliers using IQR capping.
2025-05-25 15:05:07,931 - INFO - Applied MinMaxScaler, RobustScaler, and MaxAbsScaler.
2025-05-25 15:05:07,932 - INFO - Stored transformation parameters to transformation_params.json
2025-05-25 15:08:49,626 - INFO - Original Data:
    Age  Annual_Income  Score
0  25.0        50000.0      1
1  30.0        60000.0      2
2   NaN        55000.0      3
3  45.0            NaN      4
4  -1.0        65000.0      5
2025-05-25 15:08:49,629 - INFO - Validating input data...
2025-05-25 15:08:49,629 - ERROR - Data preprocessing failed: Column 'Age' contains negative values.
2025-05-25 15:08:49,629 - ERROR - An error occurred: Column 'Age' contains negative values.
2025-05-25 15:08:49,633 - INFO - Validating input data...
2025-05-25 15:08:49,634 - INFO - Data validation passed.
2025-05-25 15:08:49,634 - INFO - Starting missing value imputation with mean strategy...
2025-05-25 15:08:49,637 - INFO - Applying Min-Max scaling to numeric columns...
2025-05-25 15:08:49,641 - INFO - Data preprocessing completed successfully.
2025-05-25 15:08:49,643 - INFO - Validating input data...
2025-05-25 15:08:49,645 - INFO - Validating input data...
2025-05-25 15:08:49,647 - INFO - Validating input data...
2025-05-25 15:09:07,074 - INFO - Original Data:
    Age  Annual_Income  Score
0  25.0        50000.0      1
1  30.0        60000.0      2
2   NaN        55000.0      3
3  45.0            NaN      4
4  -1.0        65000.0      5
2025-05-25 15:09:07,077 - INFO - Validating input data...
2025-05-25 15:09:07,077 - ERROR - Data preprocessing failed: Column 'Age' contains negative values.
2025-05-25 15:09:07,077 - ERROR - An error occurred: Column 'Age' contains negative values.
2025-05-25 15:09:07,080 - INFO - Validating input data...
2025-05-25 15:09:07,082 - INFO - Data validation passed.
2025-05-25 15:09:07,082 - INFO - Starting missing value imputation with mean strategy...
2025-05-25 15:09:07,086 - INFO - Applying Min-Max scaling to numeric columns...
2025-05-25 15:09:07,090 - INFO - Data preprocessing completed successfully.
2025-05-25 15:09:07,093 - INFO - Validating input data...
2025-05-25 15:09:07,095 - INFO - Validating input data...
2025-05-25 15:09:07,099 - INFO - Validating input data...
